<?xml version="1.0" encoding="UTF-8"?>
<testng-results ignored="0" total="1" passed="1" failed="0" skipped="0">
  <reporter-output>
  </reporter-output>
  <suite started-at="2021-09-20T09:40:54 IST" name="Default suite" finished-at="2021-09-20T09:41:03 IST" duration-ms="8412">
    <groups>
    </groups>
    <test started-at="2021-09-20T09:40:54 IST" name="Default test" finished-at="2021-09-20T09:41:03 IST" duration-ms="8412">
      <class name="scripts.DriverScriptTest">
        <test-method signature="mainTest()[pri:0, instance:scripts.DriverScriptTest@72cf2de5]" started-at="2021-09-20T09:40:54 IST" name="mainTest" finished-at="2021-09-20T09:41:02 IST" duration-ms="7389" status="PASS">
          <reporter-output>
          </reporter-output>
        </test-method> <!-- mainTest -->
        <test-method is-config="true" signature="tearDown()[pri:0, instance:scripts.DriverScriptTest@72cf2de5]" started-at="2021-09-20T09:41:02 IST" name="tearDown" finished-at="2021-09-20T09:41:03 IST" duration-ms="976" status="PASS">
          <reporter-output>
          </reporter-output>
        </test-method> <!-- tearDown -->
      </class> <!-- scripts.DriverScriptTest -->
    </test> <!-- Default test -->
  </suite> <!-- Default suite -->
</testng-results>
