<?xml version="1.0" encoding="UTF-8"?>
<testng-results total="1" passed="1" failed="0" skipped="0">
  <reporter-output>
  </reporter-output>
  <suite started-at="2021-09-19T17:03:13Z" name="Suite" finished-at="2021-09-19T17:03:25Z" duration-ms="12961">
    <groups>
    </groups>
    <test started-at="2021-09-19T17:03:13Z" name="JPMorganTest" finished-at="2021-09-19T17:03:25Z" duration-ms="12961">
      <class name="scripts.DriverScriptTest">
        <test-method signature="mainTest()[pri:0, instance:scripts.DriverScriptTest@55795845]" started-at="2021-09-19T22:33:13Z" name="mainTest" finished-at="2021-09-19T22:33:25Z" duration-ms="12947" status="PASS">
          <reporter-output>
          </reporter-output>
        </test-method> <!-- mainTest -->
      </class> <!-- scripts.DriverScriptTest -->
    </test> <!-- JPMorganTest -->
  </suite> <!-- Suite -->
</testng-results>
