<?xml version="1.0" encoding="UTF-8"?>
<!-- Generated by org.testng.reporters.JUnitXMLReporter -->
<testsuite hostname="WKWIN1052591" ignored="1" name="chrome" tests="6" failures="0" timestamp="2021-08-04T22:12:54 IST" time="16.339" errors="0">
  <testcase name="TestCase2" time="0.005" classname="testNGScripts.Begin"/>
  <testcase name="Search" time="2.025" classname="testNGScripts.Begin"/>
  <testcase name="Search" time="2.125" classname="testNGScripts.Begin"/>
  <testcase name="Search" time="1.978" classname="testNGScripts.Begin"/>
  <testcase name="Search" time="1.915" classname="testNGScripts.Begin"/>
  <testcase name="Search" time="1.983" classname="testNGScripts.Begin"/>
  <testcase name="TestCase1" time="0.0" classname="testNGScripts.Begin">
    <ignored/>
  </testcase> <!-- TestCase1 -->
</testsuite> <!-- chrome -->
