<?xml version="1.0" encoding="UTF-8"?>
<!-- Generated by org.testng.reporters.JUnitXMLReporter -->
<testsuite hostname="WKWIN1052591" ignored="1" name="chromeTest" tests="2" failures="0" timestamp="2021-08-04T22:28:29 IST" time="0.047" errors="0">
  <testcase name="TestCase2" time="0.007" classname="testNGScripts.Begin"/>
  <testcase name="TestCase1" time="0.002" classname="testNGScripts.Begin"/>
  <testcase name="Search" time="0.0" classname="testNGScripts.Begin">
    <ignored/>
  </testcase> <!-- Search -->
</testsuite> <!-- chromeTest -->
