<?xml version="1.0" encoding="UTF-8"?>
<!-- Generated by org.testng.reporters.JUnitXMLReporter -->
<testsuite hostname="WKWIN1052591" ignored="1" name="firefox" tests="6" failures="0" timestamp="2021-08-04T22:13:09 IST" time="14.36" errors="0">
  <testcase name="TestCase2" time="0.002" classname="testNGScripts.Begin"/>
  <testcase name="Search" time="2.108" classname="testNGScripts.Begin"/>
  <testcase name="Search" time="2.176" classname="testNGScripts.Begin"/>
  <testcase name="Search" time="2.015" classname="testNGScripts.Begin"/>
  <testcase name="Search" time="2.039" classname="testNGScripts.Begin"/>
  <testcase name="Search" time="1.72" classname="testNGScripts.Begin"/>
  <testcase name="TestCase1" time="0.0" classname="testNGScripts.Begin">
    <ignored/>
  </testcase> <!-- TestCase1 -->
</testsuite> <!-- firefox -->
